{
  "RSpec": {
    "coverage": {
      "/home/rennanoliveira/Projects/hodor-server/config/environment.rb": [
        null,
        1,
        null,
        null,
        1
      ],
      "/home/rennanoliveira/Projects/hodor-server/config/application.rb": [
        1,
        1,
        1,
        null,
        1,
        1,
        1,
        null,
        null
      ],
      "/home/rennanoliveira/Projects/hodor-server/config/boot.rb": [
        1,
        null,
        1
      ],
      "/home/rennanoliveira/Projects/hodor-server/config/environments/test.rb": [
        1,
        1,
        1,
        null,
        1,
        1,
        null,
        null,
        null,
        1,
        1,
        null,
        1,
        null,
        1,
        null,
        1,
        1,
        null,
        1,
        null
      ],
      "/home/rennanoliveira/Projects/hodor-server/config/initializers/application_controller_renderer.rb": [
        null,
        null,
        null,
        null,
        null,
        null
      ],
      "/home/rennanoliveira/Projects/hodor-server/config/initializers/assets.rb": [
        null,
        null,
        null,
        1,
        null,
        null,
        null,
        null,
        1,
        null,
        null,
        null,
        null,
        null
      ],
      "/home/rennanoliveira/Projects/hodor-server/config/initializers/backtrace_silencers.rb": [
        null,
        null
      ],
      "/home/rennanoliveira/Projects/hodor-server/config/initializers/cookies_serializer.rb": [
        null,
        null,
        null,
        null,
        1
      ],
      "/home/rennanoliveira/Projects/hodor-server/config/initializers/filter_parameter_logging.rb": [
        null,
        null,
        null,
        1
      ],
      "/home/rennanoliveira/Projects/hodor-server/config/initializers/inflections.rb": [
        null,
        null,
        null,
        null,
        null,
        null,
        null,
        null,
        null,
        null,
        null,
        null,
        null,
        null,
        null,
        null
      ],
      "/home/rennanoliveira/Projects/hodor-server/config/initializers/mime_types.rb": [
        null,
        null,
        null,
        null
      ],
      "/home/rennanoliveira/Projects/hodor-server/config/initializers/wrap_parameters.rb": [
        1,
        2,
        null
      ],
      "/home/rennanoliveira/Projects/hodor-server/config/routes.rb": [
        1,
        null,
        1,
        1,
        1,
        null,
        1,
        null,
        1,
        null
      ],
      "/home/rennanoliveira/Projects/hodor-server/app/helpers/application_helper.rb": [
        1,
        1,
        null,
        6,
        14,
        null,
        null
      ],
      "/home/rennanoliveira/Projects/hodor-server/spec/support/shoulda_matchers.rb": [
        1,
        1,
        1,
        1,
        null,
        null
      ],
      "/home/rennanoliveira/Projects/hodor-server/spec/support/login_helper.rb": [
        1,
        1,
        2,
        2,
        2,
        2,
        null,
        null,
        1,
        1,
        1,
        1,
        1,
        null,
        1,
        null,
        null,
        null,
        1,
        1,
        null
      ],
      "/home/rennanoliveira/Projects/hodor-server/spec/support/json_parse_helper.rb": [
        1,
        1,
        1,
        null,
        null,
        null,
        1,
        1,
        null
      ],
      "/home/rennanoliveira/Projects/hodor-server/spec/features/login_spec.rb": [
        1,
        null,
        1,
        1,
        1,
        null,
        1,
        null,
        1,
        1,
        1,
        null,
        1,
        1,
        1,
        null,
        null,
        1,
        1,
        1,
        null,
        1,
        1,
        null,
        null,
        1,
        1,
        null,
        1,
        null,
        1,
        1,
        1,
        1,
        1,
        null,
        null,
        1,
        1,
        null,
        1,
        null,
        1,
        1,
        1,
        null,
        1,
        1,
        null,
        null,
        1,
        1,
        1,
        1,
        null,
        1,
        1,
        1,
        1,
        1,
        1,
        null,
        null,
        null,
        null
      ],
      "/home/rennanoliveira/Projects/hodor-server/spec/models/service_spec.rb": [
        1,
        null,
        1,
        1,
        2,
        null,
        null,
        1,
        2,
        null,
        null
      ],
      "/home/rennanoliveira/Projects/hodor-server/app/models/service.rb": [
        1,
        1,
        null,
        1,
        null
      ],
      "/home/rennanoliveira/Projects/hodor-server/app/models/application_record.rb": [
        1,
        1,
        null
      ],
      "/home/rennanoliveira/Projects/hodor-server/spec/models/service_url_spec.rb": [
        1,
        null,
        1,
        1,
        2,
        null,
        null,
        1,
        2,
        null,
        null
      ],
      "/home/rennanoliveira/Projects/hodor-server/app/models/service_url.rb": [
        1,
        1,
        null,
        1,
        null,
        4,
        null
      ],
      "/home/rennanoliveira/Projects/hodor-server/spec/requests/service_validation_spec.rb": [
        1,
        null,
        1,
        1,
        1,
        null,
        1,
        null,
        null,
        1,
        1,
        null,
        1,
        null,
        null,
        1,
        1,
        null,
        1,
        null,
        null,
        1,
        1,
        null,
        1,
        null,
        null,
        1,
        1,
        null,
        1,
        null,
        null,
        1,
        1,
        1,
        null,
        1,
        null,
        1,
        1,
        null,
        null,
        1,
        1,
        null
      ],
      "/home/rennanoliveira/Projects/hodor-server/app/controllers/home_controller.rb": [
        1,
        1,
        null,
        1,
        null
      ],
      "/home/rennanoliveira/Projects/hodor-server/app/controllers/application_controller.rb": [
        1,
        1,
        null,
        1,
        null,
        1,
        7,
        null,
        null,
        1,
        28,
        null,
        null,
        1,
        7,
        null,
        null,
        1,
        21,
        null,
        null,
        1,
        6,
        null,
        null,
        1,
        5,
        null,
        null
      ],
      "/home/rennanoliveira/Projects/hodor-server/app/controllers/sessions_controller.rb": [
        1,
        1,
        null,
        1,
        7,
        null,
        null,
        1,
        6,
        null,
        null,
        1,
        null,
        1,
        7,
        null,
        null,
        1,
        6,
        null,
        null,
        1,
        6,
        null,
        null,
        1,
        5,
        5,
        5,
        null,
        null,
        1,
        1,
        1,
        null,
        null,
        1,
        5,
        null,
        null,
        1,
        14,
        null,
        null,
        1,
        5,
        null,
        null,
        1,
        5,
        null,
        null,
        1,
        5,
        null,
        null,
        1,
        6,
        null,
        null,
        1,
        1,
        null,
        null,
        1,
        5,
        5,
        null,
        null,
        1,
        1,
        1,
        1,
        null,
        null,
        1,
        null,
        1,
        null,
        null
      ],
      "/home/rennanoliveira/Projects/hodor-server/app/models/tickets/hodor_tgt.rb": [
        null,
        1,
        1,
        1,
        null,
        null,
        null,
        null,
        1,
        5,
        null,
        null,
        null,
        null,
        null,
        null,
        1,
        7,
        null,
        null,
        1,
        5,
        null,
        null,
        null
      ],
      "/home/rennanoliveira/Projects/hodor-server/app/models/tickets/generators/tgt_generator.rb": [
        null,
        null,
        null,
        null,
        1,
        1,
        1,
        1,
        5,
        5,
        null,
        null,
        1,
        null,
        1,
        5,
        null,
        null,
        1,
        10,
        null,
        null,
        null,
        null
      ],
      "/home/rennanoliveira/Projects/hodor-server/app/models/tgt_cookie.rb": [
        1,
        1,
        1,
        null,
        8,
        8,
        null
      ],
      "/home/rennanoliveira/Projects/hodor-server/app/models/tickets/validators/tgt_validator.rb": [
        null,
        null,
        null,
        null,
        1,
        1,
        1,
        1,
        null,
        null,
        null,
        7,
        null,
        null,
        null,
        null
      ],
      "/home/rennanoliveira/Projects/hodor-server/app/controllers/service_validations_controller.rb": [
        1,
        1,
        1,
        null,
        1,
        1,
        null,
        null,
        1,
        null,
        1,
        4,
        5,
        null,
        null,
        null,
        1,
        3,
        null,
        null,
        1,
        1,
        null,
        null,
        1,
        14,
        null,
        null,
        1,
        5,
        null,
        null
      ],
      "/home/rennanoliveira/Projects/hodor-server/app/models/services/validation.rb": [
        null,
        null,
        null,
        null,
        1,
        1,
        1,
        3,
        null,
        null,
        null
      ],
      "/home/rennanoliveira/Projects/hodor-server/app/models/services/validator.rb": [
        null,
        null,
        1,
        1,
        1,
        null,
        null,
        3,
        null,
        null,
        null
      ]
    },
    "timestamp": 1499716716
  }
}
